f:\acm\cuda\hello\hello\x64\release\vc141.pdb
f:\acm\cuda\hello\hello\x64\release\util.obj
f:\acm\cuda\hello\hello\x64\release\cpu_layer.obj
f:\acm\cuda\hello\hello\x64\release\main_time.obj
f:\acm\cuda\hello\x64\release\hello.lib
f:\acm\cuda\hello\x64\release\hello.exp
f:\acm\cuda\hello\x64\release\hello.ipdb
f:\acm\cuda\hello\x64\release\hello.iobj
f:\acm\cuda\hello\x64\release\hello.exe
f:\acm\cuda\hello\x64\release\hello.pdb
f:\acm\cuda\hello\hello\x64\release\layers.cpp.cache
f:\acm\cuda\hello\hello\x64\release\main.cpp.cache
f:\acm\cuda\hello\hello\x64\release\main_cuda.cu.cache
f:\acm\cuda\hello\hello\x64\release\layers.cpp.obj
f:\acm\cuda\hello\hello\x64\release\main.cpp.obj
f:\acm\cuda\hello\hello\x64\release\main_cuda.cu.obj
f:\acm\cuda\hello\hello\x64\release\hello.tlog\cl.command.1.tlog
f:\acm\cuda\hello\hello\x64\release\hello.tlog\cl.read.1.tlog
f:\acm\cuda\hello\hello\x64\release\hello.tlog\cl.write.1.tlog
f:\acm\cuda\hello\hello\x64\release\hello.tlog\hello.write.1u.tlog
f:\acm\cuda\hello\hello\x64\release\hello.tlog\link.command.1.tlog
f:\acm\cuda\hello\hello\x64\release\hello.tlog\link.read.1.tlog
f:\acm\cuda\hello\hello\x64\release\hello.tlog\link.write.1.tlog
